<?xml version="1.0" encoding="UTF-8"?>
<!-- Generated by org.testng.reporters.JUnitXMLReporter -->
<testsuite ignored="0" hostname="LAPTOP-EOUQDRGH" failures="0" tests="4" name="Test" time="71.939" errors="0" timestamp="2024-11-18T20:36:43 IST">
  <testcase classname="AdecoCRM.CRM_Lead" name="lead" time="2.495"/>
  <testcase classname="AdecoCRM.CRM_Lead" name="CreateNew" time="2.902"/>
  <testcase classname="AdecoCRM.CRM_Lead" name="AddValue" time="7.858"/>
  <testcase classname="AdecoCRM.CRM_Lead" name="Source" time="1.084"/>
</testsuite> <!-- Test -->
