<?xml version="1.0" encoding="UTF-8"?>
<!-- Generated by org.testng.reporters.JUnitReportReporter -->
<testsuite hostname="LAPTOP-EOUQDRGH" failures="0" tests="4" name="AdecoCRM.CRM_Lead" time="14.339" errors="0" timestamp="2024-11-18T20:36:46 IST" skipped="0">
  <testcase classname="AdecoCRM.CRM_Lead" name="lead" time="2.495"/>
  <system-out/>
  <testcase classname="AdecoCRM.CRM_Lead" name="CreateNew" time="2.902"/>
  <system-out/>
  <testcase classname="AdecoCRM.CRM_Lead" name="AddValue" time="7.858"/>
  <system-out/>
  <testcase classname="AdecoCRM.CRM_Lead" name="Source" time="1.084"/>
  <system-out/>
</testsuite> <!-- AdecoCRM.CRM_Lead -->
