<?xml version="1.0" encoding="UTF-8"?>
<!-- Generated by org.testng.reporters.JUnitXMLReporter -->
<testsuite ignored="11" hostname="ETA-LTP-SW76" failures="0" tests="1" name="AddValue" time="0.005" errors="0" timestamp="2024-11-23T23:19:17 IST">
  <testcase classname="AdecoCRM.CRM_Lead" name="AddValue" time="0.001">
    <skipped/>
  </testcase> <!-- AddValue -->
  <testcase classname="AdecoCRM.CRM_Lead" name="address" time="0.0">
    <ignored/>
  </testcase> <!-- address -->
  <testcase classname="AdecoCRM.CRM_Lead" name="City" time="0.0">
    <ignored/>
  </testcase> <!-- City -->
  <testcase classname="AdecoCRM.CRM_Lead" name="Source" time="0.0">
    <ignored/>
  </testcase> <!-- Source -->
  <testcase classname="AdecoCRM.CRM_Lead" name="lead" time="0.0">
    <ignored/>
  </testcase> <!-- lead -->
  <testcase classname="AdecoCRM.CRM_Lead" name="CreateNew" time="0.0">
    <ignored/>
  </testcase> <!-- CreateNew -->
  <testcase classname="AdecoCRM.CRM_Lead" name="Scroll" time="0.0">
    <ignored/>
  </testcase> <!-- Scroll -->
  <testcase classname="AdecoCRM.CRM_Lead" name="amt" time="0.0">
    <ignored/>
  </testcase> <!-- amt -->
  <testcase classname="AdecoCRM.CRM_Lead" name="email" time="0.0">
    <ignored/>
  </testcase> <!-- email -->
  <testcase classname="AdecoCRM.CRM_Lead" name="Pin" time="0.0">
    <ignored/>
  </testcase> <!-- Pin -->
  <testcase classname="AdecoCRM.CRM_Lead" name="State" time="0.0">
    <ignored/>
  </testcase> <!-- State -->
  <testcase classname="AdecoCRM.CRM_Lead" name="sub" time="0.0">
    <ignored/>
  </testcase> <!-- sub -->
</testsuite> <!-- AddValue -->
