<?xml version="1.0" encoding="UTF-8"?>
<!-- Generated by org.testng.reporters.JUnitXMLReporter -->
<testsuite ignored="11" hostname="ETA-LTP-SW76" failures="0" tests="1" name="Pin" time="0.003" errors="0" timestamp="2024-11-23T23:19:17 IST">
  <testcase classname="AdecoCRM.CRM_Login" name="@BeforeSuite InitialiseExtentReport" time="0.46">
    <failure type="java.io.IOException" message="Failed to open file:/C:/Users/mac870748/eclipse-workspace/Laiba_A/AllTests.html. Error message: The system cannot find the file specified.
">
      <![CDATA[java.io.IOException: Failed to open file:/C:/Users/mac870748/eclipse-workspace/Laiba_A/AllTests.html. Error message: The system cannot find the file specified.

at java.desktop/sun.awt.windows.WDesktopPeer.ShellExecute(WDesktopPeer.java:115)
at java.desktop/sun.awt.windows.WDesktopPeer.browse(WDesktopPeer.java:101)
at java.desktop/java.awt.Desktop.browse(Desktop.java:533)
at AdecoCRM.CRM_Login.InitialiseExtentReport(CRM_Login.java:102)
... Removed 17 stack frames]]>
    </failure>
  </testcase> <!-- @BeforeSuite InitialiseExtentReport -->
  <testcase classname="AdecoCRM.CRM_Lead" name="Pin" time="0.0">
    <skipped/>
  </testcase> <!-- Pin -->
  <testcase classname="AdecoCRM.CRM_Lead" name="address" time="0.0">
    <ignored/>
  </testcase> <!-- address -->
  <testcase classname="AdecoCRM.CRM_Lead" name="City" time="0.0">
    <ignored/>
  </testcase> <!-- City -->
  <testcase classname="AdecoCRM.CRM_Lead" name="Source" time="0.0">
    <ignored/>
  </testcase> <!-- Source -->
  <testcase classname="AdecoCRM.CRM_Lead" name="State" time="0.0">
    <ignored/>
  </testcase> <!-- State -->
  <testcase classname="AdecoCRM.CRM_Lead" name="sub" time="0.0">
    <ignored/>
  </testcase> <!-- sub -->
  <testcase classname="AdecoCRM.CRM_Lead" name="amt" time="0.0">
    <ignored/>
  </testcase> <!-- amt -->
  <testcase classname="AdecoCRM.CRM_Lead" name="AddValue" time="0.0">
    <ignored/>
  </testcase> <!-- AddValue -->
  <testcase classname="AdecoCRM.CRM_Lead" name="email" time="0.0">
    <ignored/>
  </testcase> <!-- email -->
  <testcase classname="AdecoCRM.CRM_Lead" name="lead" time="0.0">
    <ignored/>
  </testcase> <!-- lead -->
  <testcase classname="AdecoCRM.CRM_Lead" name="CreateNew" time="0.0">
    <ignored/>
  </testcase> <!-- CreateNew -->
  <testcase classname="AdecoCRM.CRM_Lead" name="Scroll" time="0.0">
    <ignored/>
  </testcase> <!-- Scroll -->
</testsuite> <!-- Pin -->
