<?xml version="1.0" encoding="UTF-8"?>
<!-- Generated by org.testng.reporters.JUnitXMLReporter -->
<testsuite ignored="0" hostname="ETA-LTP-SW76" failures="0" tests="5" name="Test" time="32.955" errors="0" timestamp="2024-12-17T21:13:14 IST">
  <testcase classname="AdecoCRM.CRM_PO_Invoices" name="Invoices_ScrollPage" time="8.776"/>
  <testcase classname="AdecoCRM.CRM_PO_Invoices" name="Invoices_SalesNo" time="2.6"/>
  <testcase classname="AdecoCRM.CRM_PO_Invoices" name="Invoices_Teams" time="3.497"/>
  <testcase classname="AdecoCRM.CRM_PO_Invoices" name="Invoices_Save" time="1.967"/>
  <testcase classname="AdecoCRM.CRM_PO_Invoices" name="Invoices_Logout" time="5.889"/>
</testsuite> <!-- Test -->
